[01:44:13 #44] labsfx 收到图片任务 {"id":"img_1775411052_3","prompt":"给图片上色"}
[01:44:13 #45] labsfx 开始执行任务 {"id":"img_1775411052_3"}
[01:44:13 #46] labsfx 已定位输入框
[01:44:13 #47] labsfx 生成前图片 key 集合 ["fe_id_55174903-7f9e-4e69-a3b5-21da00924f14","fe_id_55174903-7f9e-4e69-a3b5-21da00924f14","fe_id_17d0ea90-af96-480e-81e9-f4b8740d36d6","fe_id_17d0ea90-af96-480e-81e9-f4b8740d36d6","fe_id_15d952c3-22a9-48e3-a5dd-ce13caf21402","fe_id_15d952c3-22a9-48e3-a5dd-ce13caf21402","fe_id_ed91fed5-88c5-48fe-85e6-91eec988c138","fe_id_ed91fed5-88c5-48fe-85e6-91eec988c138","fe_id_55d14afd-18e5-4f5c-9213-a2208ab01e23","fe_id_55d14afd-18e5-4f5c-9213-a2208ab01e23","fe_id_34cd1a4e-2470-4996-9197-03e46dd93df0","fe_id_34cd1a4e-2470-4996-9197-03e46dd93df0","fe_id_ed0b3433-c3cc-4a94-bd71-2ff5cd9bbf0f","fe_id_ed0b3433-c3cc-4a94-bd71-2ff5cd9bbf0f","fe_id_a44e484e-614d-4901-af18-a68d36378174","fe_id_a44e484e-614d-4901-af18-a68d36378174","fe_id_57f57ec4-913e-4545-8c52-5569f0a0164c","fe_id_57f57ec4-913e-4545-8c52-5569f0a0164c","fe_id_5050dce1-59c1-48cd-a04c-61782d17ff45","fe_id_5050dce1-59c1-48cd-a04c-61782d17ff45"]
[01:44:13 #48] labsfx 已清空输入框
[01:44:13 #49] labsfx 开始写入 Prompt {"text":"给图片上色"}
[01:44:13 #50] labsfx paste 后校验 {"plain":"给图片上色","hasStringNode":true}
[01:44:13 #51] labsfx Prompt 写入成功
[01:44:13 #52] labsfx Prompt 已写入 {"prompt":"给图片上色","editorText":"给图片上色"}
[01:44:13 #53] labsfx 已定位发送按钮 {"text":"arrow_forward创建"}
[01:44:14 #54] labsfx 已触发发送按钮点击
[01:44:14 #55] labsfx 等待新图片 {"previousKeys":["fe_id_55174903-7f9e-4e69-a3b5-21da00924f14","fe_id_17d0ea90-af96-480e-81e9-f4b8740d36d6","fe_id_15d952c3-22a9-48e3-a5dd-ce13caf21402","fe_id_ed91fed5-88c5-48fe-85e6-91eec988c138","fe_id_55d14afd-18e5-4f5c-9213-a2208ab01e23","fe_id_34cd1a4e-2470-4996-9197-03e46dd93df0","fe_id_ed0b3433-c3cc-4a94-bd71-2ff5cd9bbf0f","fe_id_a44e484e-614d-4901-af18-a68d36378174","fe_id_57f57ec4-913e-4545-8c52-5569f0a0164c","fe_id_5050dce1-59c1-48cd-a04c-61782d17ff45"],"timeoutMs":180000}
[01:44:14 #56] labsfx 当前资源列表 key ["fe_id_55174903-7f9e-4e69-a3b5-21da00924f14","fe_id_55174903-7f9e-4e69-a3b5-21da00924f14","fe_id_17d0ea90-af96-480e-81e9-f4b8740d36d6","fe_id_17d0ea90-af96-480e-81e9-f4b8740d36d6","fe_id_15d952c3-22a9-48e3-a5dd-ce13caf21402","fe_id_15d952c3-22a9-48e3-a5dd-ce13caf21402","fe_id_ed91fed5-88c5-48fe-85e6-91eec988c138","fe_id_ed91fed5-88c5-48fe-85e6-91eec988c138","fe_id_55d14afd-18e5-4f5c-9213-a2208ab01e23","fe_id_55d14afd-18e5-4f5c-9213-a2208ab01e23","fe_id_34cd1a4e-2470-4996-9197-03e46dd93df0","fe_id_34cd1a4e-2470-4996-9197-03e46dd93df0","fe_id_ed0b3433-c3cc-4a94-bd71-2ff5cd9bbf0f","fe_id_ed0b3433-c3cc-4a94-bd71-2ff5cd9bbf0f","fe_id_a44e484e-614d-4901-af18-a68d36378174","fe_id_a44e484e-614d-4901-af18-a68d36378174","fe_id_57f57ec4-913e-4545-8c52-5569f0a0164c","fe_id_57f57ec4-913e-4545-8c52-5569f0a0164c"]
[01:44:16 #57] labsfx 当前资源列表 key ["fe_id_55174903-7f9e-4e69-a3b5-21da00924f14","fe_id_55174903-7f9e-4e69-a3b5-21da00924f14","fe_id_17d0ea90-af96-480e-81e9-f4b8740d36d6","fe_id_17d0ea90-af96-480e-81e9-f4b8740d36d6","fe_id_15d952c3-22a9-48e3-a5dd-ce13caf21402","fe_id_15d952c3-22a9-48e3-a5dd-ce13caf21402","fe_id_ed91fed5-88c5-48fe-85e6-91eec988c138","fe_id_ed91fed5-88c5-48fe-85e6-91eec988c138","fe_id_55d14afd-18e5-4f5c-9213-a2208ab01e23","fe_id_55d14afd-18e5-4f5c-9213-a2208ab01e23","fe_id_34cd1a4e-2470-4996-9197-03e46dd93df0","fe_id_34cd1a4e-2470-4996-9197-03e46dd93df0","fe_id_ed0b3433-c3cc-4a94-bd71-2ff5cd9bbf0f","fe_id_ed0b3433-c3cc-4a94-bd71-2ff5cd9bbf0f","fe_id_a44e484e-614d-4901-af18-a68d36378174","fe_id_a44e484e-614d-4901-af18-a68d36378174","fe_id_57f57ec4-913e-4545-8c52-5569f0a0164c","fe_id_57f57ec4-913e-4545-8c52-5569f0a0164c","fe_id_5050dce1-59c1-48cd-a04c-61782d17ff45","fe_id_5050dce1-59c1-48cd-a04c-61782d17ff45","fe_id_b8847700-a03e-4164-9d06-65d40d91d94a","fe_id_b8847700-a03e-4164-9d06-65d40d91d94a"]
[01:44:16 #58] labsfx 新图片已就绪 {"key":"fe_id_b8847700-a03e-4164-9d06-65d40d91d94a","width":1376,"height":768}
[01:44:16 #59] labsfx 检测到新图片 {"src":"/fx/api/trpc/media.getMediaUrlRedirect?name=f3c4ae90-a4fc-4255-a90e-51b34a2fce81"}
[01:44:16 #60] labsfx 图片抓取成功 {"status":200,"url":"https://labs.google/fx/api/trpc/media.getMediaUrlRedirect?name=f3c4ae90-a4fc-4255-a90e-51b34a2fce81","finalUrl":"https://storage.googleapis.com/ai-sandbox-videofx/image/f3c4ae90-a4fc-4255-a90e-51b34a2fce81?GoogleAccessId=labs-ai-sandbox-videoserver-prod@system.gserviceaccount.com&Expires=1775432656&Signature=ks4AZ7swe2f8U6R6a8uIt5NJVVbcahXZd7HJMtH7VmEQt1k%2BrsWji5OmVcrjudajLLBEqsO6YEGkrsS9FiQNXz88DjA9RVKxDGQVDgX2aoT7R19HTzoU8gic61G95Y1AwoGunSQjNd6w00ngr8XABbeBIdLYv9U8U1Qi%2FdAU1%2F7Ps5Dnv9FRBC1MjDyYwc9qIWvrDZiwZGjnpXY%2FEzxG7f9BIc6A5IFqdF3eQuvbW3jQSQ7CXr9e7%2Bcq2d4OISnh7xzNToTjYGfpIpJfdd1jUZ95x8MXROUDePq%2FpaA%2FjF6zNY4993V7gW8sA1MVOtypfGCrNyXKWLH6rHzBkOVcJQ%3D%3D","contentType":"image/jpeg"}
[01:44:16 #61] labsfx 图片结果回传成功 {"fileName":"img_1775411052_3.jpg","status":200}
[01:44:55 #62] labsfx 收到图片任务 {"id":"img_1775411093_4","prompt":"给图片中的鱼上色"}
[01:44:55 #63] labsfx 开始执行任务 {"id":"img_1775411093_4"}
[01:44:55 #64] labsfx 已定位输入框
[01:44:55 #65] labsfx 生成前图片 key 集合 ["fe_id_a437699f-be7a-4e48-93fc-1306ba2c62e5","fe_id_a437699f-be7a-4e48-93fc-1306ba2c62e5","fe_id_55174903-7f9e-4e69-a3b5-21da00924f14","fe_id_55174903-7f9e-4e69-a3b5-21da00924f14","fe_id_17d0ea90-af96-480e-81e9-f4b8740d36d6","fe_id_17d0ea90-af96-480e-81e9-f4b8740d36d6","fe_id_15d952c3-22a9-48e3-a5dd-ce13caf21402","fe_id_15d952c3-22a9-48e3-a5dd-ce13caf21402","fe_id_ed91fed5-88c5-48fe-85e6-91eec988c138","fe_id_ed91fed5-88c5-48fe-85e6-91eec988c138","fe_id_55d14afd-18e5-4f5c-9213-a2208ab01e23","fe_id_55d14afd-18e5-4f5c-9213-a2208ab01e23","fe_id_34cd1a4e-2470-4996-9197-03e46dd93df0","fe_id_34cd1a4e-2470-4996-9197-03e46dd93df0","fe_id_ed0b3433-c3cc-4a94-bd71-2ff5cd9bbf0f","fe_id_ed0b3433-c3cc-4a94-bd71-2ff5cd9bbf0f","fe_id_a44e484e-614d-4901-af18-a68d36378174","fe_id_a44e484e-614d-4901-af18-a68d36378174","fe_id_57f57ec4-913e-4545-8c52-5569f0a0164c","fe_id_57f57ec4-913e-4545-8c52-5569f0a0164c","fe_id_5050dce1-59c1-48cd-a04c-61782d17ff45","fe_id_5050dce1-59c1-48cd-a04c-61782d17ff45","fe_id_b8847700-a03e-4164-9d06-65d40d91d94a","fe_id_b8847700-a03e-4164-9d06-65d40d91d94a"]
[01:44:55 #66] labsfx 已清空输入框
[01:44:55 #67] labsfx 开始写入 Prompt {"text":"给图片中的鱼上色"}
[01:44:56 #68] labsfx paste 后校验 {"plain":"给图片中的鱼上色","hasStringNode":true}
[01:44:56 #69] labsfx Prompt 写入成功
[01:44:56 #70] labsfx Prompt 已写入 {"prompt":"给图片中的鱼上色","editorText":"给图片中的鱼上色"}
[01:44:56 #71] labsfx 已定位发送按钮 {"text":"arrow_forward创建"}
[01:44:56 #72] labsfx 已触发发送按钮点击
[01:44:56 #73] labsfx 等待新图片 {"previousKeys":["fe_id_a437699f-be7a-4e48-93fc-1306ba2c62e5","fe_id_55174903-7f9e-4e69-a3b5-21da00924f14","fe_id_17d0ea90-af96-480e-81e9-f4b8740d36d6","fe_id_15d952c3-22a9-48e3-a5dd-ce13caf21402","fe_id_ed91fed5-88c5-48fe-85e6-91eec988c138","fe_id_55d14afd-18e5-4f5c-9213-a2208ab01e23","fe_id_34cd1a4e-2470-4996-9197-03e46dd93df0","fe_id_ed0b3433-c3cc-4a94-bd71-2ff5cd9bbf0f","fe_id_a44e484e-614d-4901-af18-a68d36378174","fe_id_57f57ec4-913e-4545-8c52-5569f0a0164c","fe_id_5050dce1-59c1-48cd-a04c-61782d17ff45","fe_id_b8847700-a03e-4164-9d06-65d40d91d94a"],"timeoutMs":180000}
[01:44:56 #74] labsfx 当前资源列表 key ["fe_id_a437699f-be7a-4e48-93fc-1306ba2c62e5","fe_id_a437699f-be7a-4e48-93fc-1306ba2c62e5","fe_id_55174903-7f9e-4e69-a3b5-21da00924f14","fe_id_55174903-7f9e-4e69-a3b5-21da00924f14","fe_id_17d0ea90-af96-480e-81e9-f4b8740d36d6","fe_id_17d0ea90-af96-480e-81e9-f4b8740d36d6","fe_id_15d952c3-22a9-48e3-a5dd-ce13caf21402","fe_id_15d952c3-22a9-48e3-a5dd-ce13caf21402","fe_id_ed91fed5-88c5-48fe-85e6-91eec988c138","fe_id_ed91fed5-88c5-48fe-85e6-91eec988c138","fe_id_55d14afd-18e5-4f5c-9213-a2208ab01e23","fe_id_55d14afd-18e5-4f5c-9213-a2208ab01e23","fe_id_34cd1a4e-2470-4996-9197-03e46dd93df0","fe_id_34cd1a4e-2470-4996-9197-03e46dd93df0","fe_id_ed0b3433-c3cc-4a94-bd71-2ff5cd9bbf0f","fe_id_ed0b3433-c3cc-4a94-bd71-2ff5cd9bbf0f","fe_id_a44e484e-614d-4901-af18-a68d36378174","fe_id_a44e484e-614d-4901-af18-a68d36378174","fe_id_57f57ec4-913e-4545-8c52-5569f0a0164c","fe_id_57f57ec4-913e-4545-8c52-5569f0a0164c","fe_id_5050dce1-59c1-48cd-a04c-61782d17ff45","fe_id_5050dce1-59c1-48cd-a04c-61782d17ff45","fe_id_b8847700-a03e-4164-9d06-65d40d91d94a","fe_id_b8847700-a03e-4164-9d06-65d40d91d94a"]